-------------------------------------------------------------------------------
Test set: com.parkit.parkingsystem.dao.TicketDAOTest
-------------------------------------------------------------------------------
Tests run: 1, Failures: 0, Errors: 1, Skipped: 0, Time elapsed: 0.011 s <<< FAILURE! - in com.parkit.parkingsystem.dao.TicketDAOTest
com.parkit.parkingsystem.dao.TicketDAOTest  Time elapsed: 0.01 s  <<< ERROR!
org.junit.platform.commons.JUnitException: @BeforeAll method 'private static void com.parkit.parkingsystem.dao.TicketDAOTest.setUp() throws java.lang.Exception' must not be private.

